INFO:django.utils.autoreload:C:\Users\Joseph\Desktop\myclasscampus\Class of 2024\AMS\ASYV-AMS\site\backend\backend\settings.py changed, reloading.
WARNING:django.request:Not Found: /api/atendance/
WARNING:django.request:Not Found: /favicon.ico
ERROR:django.request:Internal Server Error: /api/atendance/
Traceback (most recent call last):
  File "C:\Users\Joseph\Desktop\myclasscampus\Class of 2024\AMS\ASYV-AMS\site\backend\venv\Lib\site-packages\django\db\backends\utils.py", line 89, in _execute
    return self.cursor.execute(sql, params)
           ^^^^^^^^^^^^^^^^^^^^^^^^^^^^^^^^
psycopg2.errors.UndefinedTable: relation "userprofile_atendance" does not exist
LINE 1: SELECT 1 AS "a" FROM "userprofile_atendance" LIMIT 1
                             ^


The above exception was the direct cause of the following exception:

Traceback (most recent call last):
  File "C:\Users\Joseph\Desktop\myclasscampus\Class of 2024\AMS\ASYV-AMS\site\backend\venv\Lib\site-packages\django\core\handlers\exception.py", line 55, in inner
    response = get_response(request)
               ^^^^^^^^^^^^^^^^^^^^^
  File "C:\Users\Joseph\Desktop\myclasscampus\Class of 2024\AMS\ASYV-AMS\site\backend\venv\Lib\site-packages\django\core\handlers\base.py", line 197, in _get_response
    response = wrapped_callback(request, *callback_args, **callback_kwargs)
               ^^^^^^^^^^^^^^^^^^^^^^^^^^^^^^^^^^^^^^^^^^^^^^^^^^^^^^^^^^^^
  File "C:\Users\Joseph\Desktop\myclasscampus\Class of 2024\AMS\ASYV-AMS\site\backend\venv\Lib\site-packages\django\views\decorators\csrf.py", line 56, in wrapper_view
    return view_func(*args, **kwargs)
           ^^^^^^^^^^^^^^^^^^^^^^^^^^
  File "C:\Users\Joseph\Desktop\myclasscampus\Class of 2024\AMS\ASYV-AMS\site\backend\venv\Lib\site-packages\django\views\generic\base.py", line 104, in view
    return self.dispatch(request, *args, **kwargs)
           ^^^^^^^^^^^^^^^^^^^^^^^^^^^^^^^^^^^^^^^
  File "C:\Users\Joseph\Desktop\myclasscampus\Class of 2024\AMS\ASYV-AMS\site\backend\venv\Lib\site-packages\rest_framework\views.py", line 509, in dispatch
    response = self.handle_exception(exc)
               ^^^^^^^^^^^^^^^^^^^^^^^^^^
  File "C:\Users\Joseph\Desktop\myclasscampus\Class of 2024\AMS\ASYV-AMS\site\backend\venv\Lib\site-packages\rest_framework\views.py", line 469, in handle_exception
    self.raise_uncaught_exception(exc)
  File "C:\Users\Joseph\Desktop\myclasscampus\Class of 2024\AMS\ASYV-AMS\site\backend\venv\Lib\site-packages\rest_framework\views.py", line 480, in raise_uncaught_exception
    raise exc
  File "C:\Users\Joseph\Desktop\myclasscampus\Class of 2024\AMS\ASYV-AMS\site\backend\venv\Lib\site-packages\rest_framework\views.py", line 506, in dispatch
    response = handler(request, *args, **kwargs)
               ^^^^^^^^^^^^^^^^^^^^^^^^^^^^^^^^^
  File "C:\Users\Joseph\Desktop\myclasscampus\Class of 2024\AMS\ASYV-AMS\site\backend\api\views.py", line 3941, in post
    if Atendance.objects.filter(**request.data).exists():
       ^^^^^^^^^^^^^^^^^^^^^^^^^^^^^^^^^^^^^^^^^^^^^^^^^
  File "C:\Users\Joseph\Desktop\myclasscampus\Class of 2024\AMS\ASYV-AMS\site\backend\venv\Lib\site-packages\django\db\models\query.py", line 1241, in exists
    return self.query.has_results(using=self.db)
           ^^^^^^^^^^^^^^^^^^^^^^^^^^^^^^^^^^^^^
  File "C:\Users\Joseph\Desktop\myclasscampus\Class of 2024\AMS\ASYV-AMS\site\backend\venv\Lib\site-packages\django\db\models\sql\query.py", line 569, in has_results
    return compiler.has_results()
           ^^^^^^^^^^^^^^^^^^^^^^
  File "C:\Users\Joseph\Desktop\myclasscampus\Class of 2024\AMS\ASYV-AMS\site\backend\venv\Lib\site-packages\django\db\models\sql\compiler.py", line 1528, in has_results
    return bool(self.execute_sql(SINGLE))
                ^^^^^^^^^^^^^^^^^^^^^^^^
  File "C:\Users\Joseph\Desktop\myclasscampus\Class of 2024\AMS\ASYV-AMS\site\backend\venv\Lib\site-packages\django\db\models\sql\compiler.py", line 1560, in execute_sql
    cursor.execute(sql, params)
  File "C:\Users\Joseph\Desktop\myclasscampus\Class of 2024\AMS\ASYV-AMS\site\backend\venv\Lib\site-packages\django\db\backends\utils.py", line 102, in execute
    return super().execute(sql, params)
           ^^^^^^^^^^^^^^^^^^^^^^^^^^^^
  File "C:\Users\Joseph\Desktop\myclasscampus\Class of 2024\AMS\ASYV-AMS\site\backend\venv\Lib\site-packages\django\db\backends\utils.py", line 67, in execute
    return self._execute_with_wrappers(
           ^^^^^^^^^^^^^^^^^^^^^^^^^^^^
  File "C:\Users\Joseph\Desktop\myclasscampus\Class of 2024\AMS\ASYV-AMS\site\backend\venv\Lib\site-packages\django\db\backends\utils.py", line 80, in _execute_with_wrappers
    return executor(sql, params, many, context)
           ^^^^^^^^^^^^^^^^^^^^^^^^^^^^^^^^^^^^
  File "C:\Users\Joseph\Desktop\myclasscampus\Class of 2024\AMS\ASYV-AMS\site\backend\venv\Lib\site-packages\django\db\backends\utils.py", line 84, in _execute
    with self.db.wrap_database_errors:
  File "C:\Users\Joseph\Desktop\myclasscampus\Class of 2024\AMS\ASYV-AMS\site\backend\venv\Lib\site-packages\django\db\utils.py", line 91, in __exit__
    raise dj_exc_value.with_traceback(traceback) from exc_value
  File "C:\Users\Joseph\Desktop\myclasscampus\Class of 2024\AMS\ASYV-AMS\site\backend\venv\Lib\site-packages\django\db\backends\utils.py", line 89, in _execute
    return self.cursor.execute(sql, params)
           ^^^^^^^^^^^^^^^^^^^^^^^^^^^^^^^^
django.db.utils.ProgrammingError: relation "userprofile_atendance" does not exist
LINE 1: SELECT 1 AS "a" FROM "userprofile_atendance" LIMIT 1
                             ^

WARNING:django.request:Bad Request: /api/atendance/
WARNING:django.request:Bad Request: /api/term/
WARNING:django.request:Method Not Allowed: /api/term/1/
WARNING:django.request:Method Not Allowed: /api/term/1/delete/
WARNING:django.request:Method Not Allowed: /api/term/1/
ERROR:django.request:Internal Server Error: /api/term/1/
Traceback (most recent call last):
  File "C:\Users\Joseph\Desktop\myclasscampus\Class of 2024\AMS\ASYV-AMS\site\backend\venv\Lib\site-packages\django\core\handlers\exception.py", line 55, in inner
    response = get_response(request)
               ^^^^^^^^^^^^^^^^^^^^^
  File "C:\Users\Joseph\Desktop\myclasscampus\Class of 2024\AMS\ASYV-AMS\site\backend\venv\Lib\site-packages\django\core\handlers\base.py", line 197, in _get_response
    response = wrapped_callback(request, *callback_args, **callback_kwargs)
               ^^^^^^^^^^^^^^^^^^^^^^^^^^^^^^^^^^^^^^^^^^^^^^^^^^^^^^^^^^^^
  File "C:\Users\Joseph\Desktop\myclasscampus\Class of 2024\AMS\ASYV-AMS\site\backend\venv\Lib\site-packages\django\views\decorators\csrf.py", line 56, in wrapper_view
    return view_func(*args, **kwargs)
           ^^^^^^^^^^^^^^^^^^^^^^^^^^
  File "C:\Users\Joseph\Desktop\myclasscampus\Class of 2024\AMS\ASYV-AMS\site\backend\venv\Lib\site-packages\django\views\generic\base.py", line 104, in view
    return self.dispatch(request, *args, **kwargs)
           ^^^^^^^^^^^^^^^^^^^^^^^^^^^^^^^^^^^^^^^
  File "C:\Users\Joseph\Desktop\myclasscampus\Class of 2024\AMS\ASYV-AMS\site\backend\venv\Lib\site-packages\rest_framework\views.py", line 509, in dispatch
    response = self.handle_exception(exc)
               ^^^^^^^^^^^^^^^^^^^^^^^^^^
  File "C:\Users\Joseph\Desktop\myclasscampus\Class of 2024\AMS\ASYV-AMS\site\backend\venv\Lib\site-packages\rest_framework\views.py", line 469, in handle_exception
    self.raise_uncaught_exception(exc)
  File "C:\Users\Joseph\Desktop\myclasscampus\Class of 2024\AMS\ASYV-AMS\site\backend\venv\Lib\site-packages\rest_framework\views.py", line 480, in raise_uncaught_exception
    raise exc
  File "C:\Users\Joseph\Desktop\myclasscampus\Class of 2024\AMS\ASYV-AMS\site\backend\venv\Lib\site-packages\rest_framework\views.py", line 506, in dispatch
    response = handler(request, *args, **kwargs)
               ^^^^^^^^^^^^^^^^^^^^^^^^^^^^^^^^^
  File "C:\Users\Joseph\Desktop\myclasscampus\Class of 2024\AMS\ASYV-AMS\site\backend\venv\Lib\site-packages\rest_framework\decorators.py", line 50, in handler
    return func(*args, **kwargs)
           ^^^^^^^^^^^^^^^^^^^^^
  File "C:\Users\Joseph\Desktop\myclasscampus\Class of 2024\AMS\ASYV-AMS\site\backend\api\views.py", line 4028, in update_term
    data = Term(instance=term, data=request.data)
           ^^^^^^^^^^^^^^^^^^^^^^^^^^^^^^^^^^^^^^
  File "C:\Users\Joseph\Desktop\myclasscampus\Class of 2024\AMS\ASYV-AMS\site\backend\venv\Lib\site-packages\django\db\models\base.py", line 567, in __init__
    raise TypeError(
TypeError: Term() got unexpected keyword arguments: 'instance', 'data'
WARNING:django.request:Method Not Allowed: /api/term/1/
ERROR:django.request:Internal Server Error: /api/term/1/
Traceback (most recent call last):
  File "C:\Users\Joseph\Desktop\myclasscampus\Class of 2024\AMS\ASYV-AMS\site\backend\venv\Lib\site-packages\django\core\handlers\exception.py", line 55, in inner
    response = get_response(request)
               ^^^^^^^^^^^^^^^^^^^^^
  File "C:\Users\Joseph\Desktop\myclasscampus\Class of 2024\AMS\ASYV-AMS\site\backend\venv\Lib\site-packages\django\core\handlers\base.py", line 197, in _get_response
    response = wrapped_callback(request, *callback_args, **callback_kwargs)
               ^^^^^^^^^^^^^^^^^^^^^^^^^^^^^^^^^^^^^^^^^^^^^^^^^^^^^^^^^^^^
  File "C:\Users\Joseph\Desktop\myclasscampus\Class of 2024\AMS\ASYV-AMS\site\backend\venv\Lib\site-packages\django\views\decorators\csrf.py", line 56, in wrapper_view
    return view_func(*args, **kwargs)
           ^^^^^^^^^^^^^^^^^^^^^^^^^^
  File "C:\Users\Joseph\Desktop\myclasscampus\Class of 2024\AMS\ASYV-AMS\site\backend\venv\Lib\site-packages\django\views\generic\base.py", line 104, in view
    return self.dispatch(request, *args, **kwargs)
           ^^^^^^^^^^^^^^^^^^^^^^^^^^^^^^^^^^^^^^^
  File "C:\Users\Joseph\Desktop\myclasscampus\Class of 2024\AMS\ASYV-AMS\site\backend\venv\Lib\site-packages\rest_framework\views.py", line 509, in dispatch
    response = self.handle_exception(exc)
               ^^^^^^^^^^^^^^^^^^^^^^^^^^
  File "C:\Users\Joseph\Desktop\myclasscampus\Class of 2024\AMS\ASYV-AMS\site\backend\venv\Lib\site-packages\rest_framework\views.py", line 469, in handle_exception
    self.raise_uncaught_exception(exc)
  File "C:\Users\Joseph\Desktop\myclasscampus\Class of 2024\AMS\ASYV-AMS\site\backend\venv\Lib\site-packages\rest_framework\views.py", line 480, in raise_uncaught_exception
    raise exc
  File "C:\Users\Joseph\Desktop\myclasscampus\Class of 2024\AMS\ASYV-AMS\site\backend\venv\Lib\site-packages\rest_framework\views.py", line 506, in dispatch
    response = handler(request, *args, **kwargs)
               ^^^^^^^^^^^^^^^^^^^^^^^^^^^^^^^^^
  File "C:\Users\Joseph\Desktop\myclasscampus\Class of 2024\AMS\ASYV-AMS\site\backend\venv\Lib\site-packages\rest_framework\decorators.py", line 50, in handler
    return func(*args, **kwargs)
           ^^^^^^^^^^^^^^^^^^^^^
  File "C:\Users\Joseph\Desktop\myclasscampus\Class of 2024\AMS\ASYV-AMS\site\backend\api\views.py", line 4028, in update_term
    data = Term(instance=term, data=request.data)
           ^^^^^^^^^^^^^^^^^^^^^^^^^^^^^^^^^^^^^^
  File "C:\Users\Joseph\Desktop\myclasscampus\Class of 2024\AMS\ASYV-AMS\site\backend\venv\Lib\site-packages\django\db\models\base.py", line 567, in __init__
    raise TypeError(
TypeError: Term() got unexpected keyword arguments: 'instance', 'data'
WARNING:django.request:Method Not Allowed: /api/term/1/
WARNING:django.request:Not Found: /
WARNING:django.request:Not Found: /favicon.ico
WARNING:django.request:Not Found: /api/kids_alumni/
INFO:django.utils.autoreload:C:\Users\Joseph\Desktop\myclasscampus\Class of 2024\AMS\ASYV-AMS\site\backend\userprofile\models.py changed, reloading.
INFO:django.utils.autoreload:C:\Users\Joseph\Desktop\myclasscampus\Class of 2024\AMS\ASYV-AMS\site\backend\api\serializer.py changed, reloading.
WARNING:django.request:Not Found: /api/kids_alumni/
WARNING:django.request:Bad Request: /api/kids_alumni/
INFO:django.utils.autoreload:C:\Users\Joseph\Desktop\myclasscampus\Class of 2024\AMS\ASYV-AMS\site\backend\userprofile\models.py changed, reloading.
WARNING:django.request:Not Found: /api/kids_alumni/
INFO:django.utils.autoreload:C:\Users\Joseph\Desktop\myclasscampus\Class of 2024\AMS\ASYV-AMS\site\backend\userprofile\models.py changed, reloading.
WARNING:django.request:Bad Request: /api/kids_alumni/
WARNING:django.request:Bad Request: /api/kids_alumni/
WARNING:django.request:Not Found: /api/kids_alumni/
WARNING:django.request:Bad Request: /api/kids_alumni/
WARNING:django.request:Bad Request: /api/kids_alumni/
INFO:django.utils.autoreload:C:\Users\Joseph\Desktop\myclasscampus\Class of 2024\AMS\ASYV-AMS\site\backend\api\views.py changed, reloading.
WARNING:django.request:Not Found: /api/kids_alumni/
WARNING:django.request:Bad Request: /api/kids_alumni/
WARNING:django.request:Bad Request: /api/kids_alumni/
INFO:django.utils.autoreload:C:\Users\Joseph\Desktop\myclasscampus\Class of 2024\AMS\ASYV-AMS\site\backend\api\serializer.py changed, reloading.
INFO:django.utils.autoreload:C:\Users\Joseph\Desktop\myclasscampus\Class of 2024\AMS\ASYV-AMS\site\backend\api\views.py changed, reloading.
WARNING:django.request:Not Found: /api/kids_alumni/
ERROR:django.request:Internal Server Error: /api/kids_alumni/
WARNING:django.request:Not Found: /api/kids_alumni/
WARNING:django.request:Bad Request: /api/kids_alumni/
WARNING:django.request:Not Found: /api/kids_alumni/1/delete
WARNING:django.request:Not Found: /api/kids_alumni/
ERROR:django.request:Internal Server Error: /api/kids_alumni/
WARNING:django.request:Not Found: /api/kids_alumni/
ERROR:django.request:Internal Server Error: /api/kids_alumni/
WARNING:django.request:Bad Request: /api/kids_alumni/
WARNING:django.request:Not Found: /api/kids_alumni/
ERROR:django.request:Internal Server Error: /api/kids_alumni/
INFO:django.utils.autoreload:C:\Users\Joseph\Desktop\myclasscampus\Class of 2024\AMS\ASYV-AMS\site\backend\api\serializer.py changed, reloading.
ERROR:django.request:Internal Server Error: /api/kids_alumni/
WARNING:django.request:Not Found: /api/kids_alumni/
ERROR:django.request:Internal Server Error: /api/kids_alumni/
INFO:django.utils.autoreload:C:\Users\Joseph\Desktop\myclasscampus\Class of 2024\AMS\ASYV-AMS\site\backend\api\serializer.py changed, reloading.
ERROR:django.request:Internal Server Error: /api/kids_alumni/
INFO:django.utils.autoreload:C:\Users\Joseph\Desktop\myclasscampus\Class of 2024\AMS\ASYV-AMS\site\backend\api\serializer.py changed, reloading.
WARNING:django.request:Not Found: /api/kids_alumni/
ERROR:django.request:Internal Server Error: /api/kids_alumni/
INFO:django.utils.autoreload:C:\Users\Joseph\Desktop\myclasscampus\Class of 2024\AMS\ASYV-AMS\site\backend\api\serializer.py changed, reloading.
WARNING:django.request:Not Found: /api/kids_alumni/
ERROR:django.request:Internal Server Error: /api/kids_alumni/
INFO:django.utils.autoreload:C:\Users\Joseph\Desktop\myclasscampus\Class of 2024\AMS\ASYV-AMS\site\backend\api\serializer.py changed, reloading.
WARNING:django.request:Not Found: /api/kids_alumni/
ERROR:django.request:Internal Server Error: /api/kids_alumni/
INFO:django.utils.autoreload:C:\Users\Joseph\Desktop\myclasscampus\Class of 2024\AMS\ASYV-AMS\site\backend\api\serializer.py changed, reloading.
WARNING:django.request:Not Found: /api/kids_alumni/
ERROR:django.request:Internal Server Error: /api/kids_alumni/
INFO:django.utils.autoreload:C:\Users\Joseph\Desktop\myclasscampus\Class of 2024\AMS\ASYV-AMS\site\backend\api\serializer.py changed, reloading.
WARNING:django.request:Not Found: /api/kids_alumni/2/
WARNING:django.request:Not Found: /api/kids_alumni/
ERROR:django.request:Internal Server Error: /api/kids_alumni/
INFO:django.utils.autoreload:C:\Users\Joseph\Desktop\myclasscampus\Class of 2024\AMS\ASYV-AMS\site\backend\api\serializer.py changed, reloading.
INFO:django.utils.autoreload:C:\Users\Joseph\Desktop\myclasscampus\Class of 2024\AMS\ASYV-AMS\site\backend\api\serializer.py changed, reloading.
WARNING:django.request:Not Found: /api/kids_alumni/
ERROR:django.request:Internal Server Error: /api/kids_alumni/
INFO:django.utils.autoreload:C:\Users\Joseph\Desktop\myclasscampus\Class of 2024\AMS\ASYV-AMS\site\backend\api\serializer.py changed, reloading.
WARNING:django.request:Not Found: /api/kids_alumni/
INFO:django.utils.autoreload:C:\Users\Joseph\Desktop\myclasscampus\Class of 2024\AMS\ASYV-AMS\site\backend\api\serializer.py changed, reloading.
WARNING:django.request:Bad Request: /api/kids_alumni/5/
INFO:django.utils.autoreload:C:\Users\Joseph\Desktop\myclasscampus\Class of 2024\AMS\ASYV-AMS\site\backend\api\views.py changed, reloading.
INFO:django.utils.autoreload:C:\Users\Joseph\Desktop\myclasscampus\Class of 2024\AMS\ASYV-AMS\site\backend\api\views.py changed, reloading.
INFO:django.utils.autoreload:C:\Users\Joseph\Desktop\myclasscampus\Class of 2024\AMS\ASYV-AMS\site\backend\api\views.py changed, reloading.
INFO:django.utils.autoreload:C:\Users\Joseph\Desktop\myclasscampus\Class of 2024\AMS\ASYV-AMS\site\backend\api\urls.py changed, reloading.
INFO:django.utils.autoreload:C:\Users\Joseph\Desktop\myclasscampus\Class of 2024\AMS\ASYV-AMS\site\backend\api\views.py changed, reloading.
ERROR:django.request:Internal Server Error: /api/alumnis/
INFO:django.utils.autoreload:C:\Users\Joseph\Desktop\myclasscampus\Class of 2024\AMS\ASYV-AMS\site\backend\api\views.py changed, reloading.
INFO:django.utils.autoreload:C:\Users\Joseph\Desktop\myclasscampus\Class of 2024\AMS\ASYV-AMS\site\backend\api\views.py changed, reloading.
WARNING:django.request:Not Found: /favicon.ico
INFO:django.utils.autoreload:C:\Users\Joseph\Desktop\myclasscampus\Class of 2024\AMS\ASYV-AMS\site\backend\backend\settings.py changed, reloading.
INFO:django.utils.autoreload:C:\Users\Joseph\Desktop\myclasscampus\Class of 2024\AMS\ASYV-AMS\site\backend\backend\settings.py changed, reloading.
INFO:django.utils.autoreload:C:\Users\Joseph\Desktop\myclasscampus\Class of 2024\AMS\ASYV-AMS\site\backend\api\views.py changed, reloading.
WARNING:django.request:Not Found: /favicon.ico
INFO:django.utils.autoreload:C:\Users\Joseph\Desktop\myclasscampus\Class of 2024\AMS\ASYV-AMS\site\backend\api\views.py changed, reloading.
INFO:django.utils.autoreload:C:\Users\Joseph\Desktop\myclasscampus\Class of 2024\AMS\ASYV-AMS\site\backend\api\serializer.py changed, reloading.
INFO:django.utils.autoreload:C:\Users\Joseph\Desktop\myclasscampus\Class of 2024\AMS\ASYV-AMS\site\backend\api\views.py changed, reloading.
INFO:django.utils.autoreload:C:\Users\Joseph\Desktop\myclasscampus\Class of 2024\AMS\ASYV-AMS\site\backend\api\views.py changed, reloading.
INFO:django.utils.autoreload:C:\Users\Joseph\Desktop\myclasscampus\Class of 2024\AMS\ASYV-AMS\site\backend\api\urls.py changed, reloading.
INFO:django.utils.autoreload:C:\Users\Joseph\Desktop\myclasscampus\Class of 2024\AMS\ASYV-AMS\site\backend\api\serializer.py changed, reloading.
INFO:django.utils.autoreload:C:\Users\Joseph\Desktop\myclasscampus\Class of 2024\AMS\ASYV-AMS\site\backend\backend\settings.py changed, reloading.
INFO:django.utils.autoreload:C:\Users\Joseph\Desktop\myclasscampus\Class of 2024\AMS\ASYV-AMS\site\backend\api\views.py changed, reloading.
INFO:django.utils.autoreload:C:\Users\Joseph\Desktop\myclasscampus\Class of 2024\AMS\ASYV-AMS\site\backend\api\views.py changed, reloading.
INFO:django.utils.autoreload:C:\Users\Joseph\Desktop\myclasscampus\Class of 2024\AMS\ASYV-AMS\site\backend\api\views.py changed, reloading.
ERROR:django.request:Internal Server Error: /api/alumnilist/
Traceback (most recent call last):
  File "C:\Users\Joseph\Desktop\myclasscampus\Class of 2024\AMS\ASYV-AMS\site\backend\venv\Lib\site-packages\rest_framework\fields.py", line 446, in get_attribute
    return get_attribute(instance, self.source_attrs)
           ^^^^^^^^^^^^^^^^^^^^^^^^^^^^^^^^^^^^^^^^^^
  File "C:\Users\Joseph\Desktop\myclasscampus\Class of 2024\AMS\ASYV-AMS\site\backend\venv\Lib\site-packages\rest_framework\fields.py", line 96, in get_attribute
    instance = getattr(instance, attr)
               ^^^^^^^^^^^^^^^^^^^^^^^
AttributeError: 'User' object has no attribute 'reg_number'

During handling of the above exception, another exception occurred:

Traceback (most recent call last):
  File "C:\Users\Joseph\Desktop\myclasscampus\Class of 2024\AMS\ASYV-AMS\site\backend\api\views.py", line 139, in get
    return Response(serializer.data)
                    ^^^^^^^^^^^^^^^
  File "C:\Users\Joseph\Desktop\myclasscampus\Class of 2024\AMS\ASYV-AMS\site\backend\venv\Lib\site-packages\rest_framework\serializers.py", line 768, in data
    ret = super().data
          ^^^^^^^^^^^^
  File "C:\Users\Joseph\Desktop\myclasscampus\Class of 2024\AMS\ASYV-AMS\site\backend\venv\Lib\site-packages\rest_framework\serializers.py", line 253, in data
    self._data = self.to_representation(self.instance)
                 ^^^^^^^^^^^^^^^^^^^^^^^^^^^^^^^^^^^^^
  File "C:\Users\Joseph\Desktop\myclasscampus\Class of 2024\AMS\ASYV-AMS\site\backend\venv\Lib\site-packages\rest_framework\serializers.py", line 686, in to_representation
    return [
           ^
  File "C:\Users\Joseph\Desktop\myclasscampus\Class of 2024\AMS\ASYV-AMS\site\backend\venv\Lib\site-packages\rest_framework\serializers.py", line 687, in <listcomp>
    self.child.to_representation(item) for item in iterable
    ^^^^^^^^^^^^^^^^^^^^^^^^^^^^^^^^^^
  File "C:\Users\Joseph\Desktop\myclasscampus\Class of 2024\AMS\ASYV-AMS\site\backend\venv\Lib\site-packages\rest_framework\serializers.py", line 509, in to_representation
    attribute = field.get_attribute(instance)
                ^^^^^^^^^^^^^^^^^^^^^^^^^^^^^
  File "C:\Users\Joseph\Desktop\myclasscampus\Class of 2024\AMS\ASYV-AMS\site\backend\venv\Lib\site-packages\rest_framework\fields.py", line 479, in get_attribute
    raise type(exc)(msg)
AttributeError: Got AttributeError when attempting to get a value for field `reg_number` on serializer `AlumniListsSerializer`.
The serializer field might be named incorrectly and not match any attribute or key on the `User` instance.
Original exception text was: 'User' object has no attribute 'reg_number'.

During handling of the above exception, another exception occurred:

Traceback (most recent call last):
  File "C:\Users\Joseph\Desktop\myclasscampus\Class of 2024\AMS\ASYV-AMS\site\backend\venv\Lib\site-packages\django\core\handlers\exception.py", line 55, in inner
    response = get_response(request)
               ^^^^^^^^^^^^^^^^^^^^^
  File "C:\Users\Joseph\Desktop\myclasscampus\Class of 2024\AMS\ASYV-AMS\site\backend\venv\Lib\site-packages\django\core\handlers\base.py", line 197, in _get_response
    response = wrapped_callback(request, *callback_args, **callback_kwargs)
               ^^^^^^^^^^^^^^^^^^^^^^^^^^^^^^^^^^^^^^^^^^^^^^^^^^^^^^^^^^^^
  File "C:\Users\Joseph\Desktop\myclasscampus\Class of 2024\AMS\ASYV-AMS\site\backend\venv\Lib\site-packages\django\views\decorators\csrf.py", line 56, in wrapper_view
    return view_func(*args, **kwargs)
           ^^^^^^^^^^^^^^^^^^^^^^^^^^
  File "C:\Users\Joseph\Desktop\myclasscampus\Class of 2024\AMS\ASYV-AMS\site\backend\venv\Lib\site-packages\django\views\generic\base.py", line 104, in view
    return self.dispatch(request, *args, **kwargs)
           ^^^^^^^^^^^^^^^^^^^^^^^^^^^^^^^^^^^^^^^
  File "C:\Users\Joseph\Desktop\myclasscampus\Class of 2024\AMS\ASYV-AMS\site\backend\venv\Lib\site-packages\rest_framework\views.py", line 509, in dispatch
    response = self.handle_exception(exc)
               ^^^^^^^^^^^^^^^^^^^^^^^^^^
  File "C:\Users\Joseph\Desktop\myclasscampus\Class of 2024\AMS\ASYV-AMS\site\backend\venv\Lib\site-packages\rest_framework\views.py", line 469, in handle_exception
    self.raise_uncaught_exception(exc)
  File "C:\Users\Joseph\Desktop\myclasscampus\Class of 2024\AMS\ASYV-AMS\site\backend\venv\Lib\site-packages\rest_framework\views.py", line 480, in raise_uncaught_exception
    raise exc
  File "C:\Users\Joseph\Desktop\myclasscampus\Class of 2024\AMS\ASYV-AMS\site\backend\venv\Lib\site-packages\rest_framework\views.py", line 506, in dispatch
    response = handler(request, *args, **kwargs)
               ^^^^^^^^^^^^^^^^^^^^^^^^^^^^^^^^^
  File "C:\Users\Joseph\Desktop\myclasscampus\Class of 2024\AMS\ASYV-AMS\site\backend\api\views.py", line 142, in get
    return Response(error=e,status=status.HTTP_404_NOT_FOUND)
           ^^^^^^^^^^^^^^^^^^^^^^^^^^^^^^^^^^^^^^^^^^^^^^^^^^
TypeError: Response.__init__() got an unexpected keyword argument 'error'
WARNING:django.request:Not Found: /favicon.ico
ERROR:django.request:Internal Server Error: /api/alumnilist/
Traceback (most recent call last):
  File "C:\Users\Joseph\Desktop\myclasscampus\Class of 2024\AMS\ASYV-AMS\site\backend\venv\Lib\site-packages\rest_framework\fields.py", line 446, in get_attribute
    return get_attribute(instance, self.source_attrs)
           ^^^^^^^^^^^^^^^^^^^^^^^^^^^^^^^^^^^^^^^^^^
  File "C:\Users\Joseph\Desktop\myclasscampus\Class of 2024\AMS\ASYV-AMS\site\backend\venv\Lib\site-packages\rest_framework\fields.py", line 96, in get_attribute
    instance = getattr(instance, attr)
               ^^^^^^^^^^^^^^^^^^^^^^^
AttributeError: 'User' object has no attribute 'reg_number'

During handling of the above exception, another exception occurred:

Traceback (most recent call last):
  File "C:\Users\Joseph\Desktop\myclasscampus\Class of 2024\AMS\ASYV-AMS\site\backend\api\views.py", line 139, in get
    return Response(serializer.data)
                    ^^^^^^^^^^^^^^^
  File "C:\Users\Joseph\Desktop\myclasscampus\Class of 2024\AMS\ASYV-AMS\site\backend\venv\Lib\site-packages\rest_framework\serializers.py", line 768, in data
    ret = super().data
          ^^^^^^^^^^^^
  File "C:\Users\Joseph\Desktop\myclasscampus\Class of 2024\AMS\ASYV-AMS\site\backend\venv\Lib\site-packages\rest_framework\serializers.py", line 253, in data
    self._data = self.to_representation(self.instance)
                 ^^^^^^^^^^^^^^^^^^^^^^^^^^^^^^^^^^^^^
  File "C:\Users\Joseph\Desktop\myclasscampus\Class of 2024\AMS\ASYV-AMS\site\backend\venv\Lib\site-packages\rest_framework\serializers.py", line 686, in to_representation
    return [
           ^
  File "C:\Users\Joseph\Desktop\myclasscampus\Class of 2024\AMS\ASYV-AMS\site\backend\venv\Lib\site-packages\rest_framework\serializers.py", line 687, in <listcomp>
    self.child.to_representation(item) for item in iterable
    ^^^^^^^^^^^^^^^^^^^^^^^^^^^^^^^^^^
  File "C:\Users\Joseph\Desktop\myclasscampus\Class of 2024\AMS\ASYV-AMS\site\backend\venv\Lib\site-packages\rest_framework\serializers.py", line 509, in to_representation
    attribute = field.get_attribute(instance)
                ^^^^^^^^^^^^^^^^^^^^^^^^^^^^^
  File "C:\Users\Joseph\Desktop\myclasscampus\Class of 2024\AMS\ASYV-AMS\site\backend\venv\Lib\site-packages\rest_framework\fields.py", line 479, in get_attribute
    raise type(exc)(msg)
AttributeError: Got AttributeError when attempting to get a value for field `reg_number` on serializer `AlumniListsSerializer`.
The serializer field might be named incorrectly and not match any attribute or key on the `User` instance.
Original exception text was: 'User' object has no attribute 'reg_number'.

During handling of the above exception, another exception occurred:

Traceback (most recent call last):
  File "C:\Users\Joseph\Desktop\myclasscampus\Class of 2024\AMS\ASYV-AMS\site\backend\venv\Lib\site-packages\django\core\handlers\exception.py", line 55, in inner
    response = get_response(request)
               ^^^^^^^^^^^^^^^^^^^^^
  File "C:\Users\Joseph\Desktop\myclasscampus\Class of 2024\AMS\ASYV-AMS\site\backend\venv\Lib\site-packages\django\core\handlers\base.py", line 197, in _get_response
    response = wrapped_callback(request, *callback_args, **callback_kwargs)
               ^^^^^^^^^^^^^^^^^^^^^^^^^^^^^^^^^^^^^^^^^^^^^^^^^^^^^^^^^^^^
  File "C:\Users\Joseph\Desktop\myclasscampus\Class of 2024\AMS\ASYV-AMS\site\backend\venv\Lib\site-packages\django\views\decorators\csrf.py", line 56, in wrapper_view
    return view_func(*args, **kwargs)
           ^^^^^^^^^^^^^^^^^^^^^^^^^^
  File "C:\Users\Joseph\Desktop\myclasscampus\Class of 2024\AMS\ASYV-AMS\site\backend\venv\Lib\site-packages\django\views\generic\base.py", line 104, in view
    return self.dispatch(request, *args, **kwargs)
           ^^^^^^^^^^^^^^^^^^^^^^^^^^^^^^^^^^^^^^^
  File "C:\Users\Joseph\Desktop\myclasscampus\Class of 2024\AMS\ASYV-AMS\site\backend\venv\Lib\site-packages\rest_framework\views.py", line 509, in dispatch
    response = self.handle_exception(exc)
               ^^^^^^^^^^^^^^^^^^^^^^^^^^
  File "C:\Users\Joseph\Desktop\myclasscampus\Class of 2024\AMS\ASYV-AMS\site\backend\venv\Lib\site-packages\rest_framework\views.py", line 469, in handle_exception
    self.raise_uncaught_exception(exc)
  File "C:\Users\Joseph\Desktop\myclasscampus\Class of 2024\AMS\ASYV-AMS\site\backend\venv\Lib\site-packages\rest_framework\views.py", line 480, in raise_uncaught_exception
    raise exc
  File "C:\Users\Joseph\Desktop\myclasscampus\Class of 2024\AMS\ASYV-AMS\site\backend\venv\Lib\site-packages\rest_framework\views.py", line 506, in dispatch
    response = handler(request, *args, **kwargs)
               ^^^^^^^^^^^^^^^^^^^^^^^^^^^^^^^^^
  File "C:\Users\Joseph\Desktop\myclasscampus\Class of 2024\AMS\ASYV-AMS\site\backend\api\views.py", line 142, in get
    return Response(error=e,status=status.HTTP_404_NOT_FOUND)
           ^^^^^^^^^^^^^^^^^^^^^^^^^^^^^^^^^^^^^^^^^^^^^^^^^^
TypeError: Response.__init__() got an unexpected keyword argument 'error'
INFO:django.utils.autoreload:C:\Users\Joseph\Desktop\myclasscampus\Class of 2024\AMS\ASYV-AMS\site\backend\api\views.py changed, reloading.
INFO:django.utils.autoreload:C:\Users\Joseph\Desktop\myclasscampus\Class of 2024\AMS\ASYV-AMS\site\backend\api\views.py changed, reloading.
INFO:django.utils.autoreload:C:\Users\Joseph\Desktop\myclasscampus\Class of 2024\AMS\ASYV-AMS\site\backend\api\views.py changed, reloading.
ERROR:django.request:Internal Server Error: /api/alumnilist/
ERROR:django.request:Internal Server Error: /api/alumnilist/
INFO:django.utils.autoreload:C:\Users\Joseph\Desktop\myclasscampus\Class of 2024\AMS\ASYV-AMS\site\backend\api\views.py changed, reloading.
ERROR:django.request:Internal Server Error: /api/alumnilist/
INFO:django.utils.autoreload:C:\Users\Joseph\Desktop\myclasscampus\Class of 2024\AMS\ASYV-AMS\site\backend\api\serializer.py changed, reloading.
ERROR:django.request:Internal Server Error: /api/alumnilist/
INFO:django.utils.autoreload:C:\Users\Joseph\Desktop\myclasscampus\Class of 2024\AMS\ASYV-AMS\site\backend\api\serializer.py changed, reloading.
ERROR:django.request:Internal Server Error: /api/alumnilist/
INFO:django.utils.autoreload:C:\Users\Joseph\Desktop\myclasscampus\Class of 2024\AMS\ASYV-AMS\site\backend\api\serializer.py changed, reloading.
INFO:django.utils.autoreload:C:\Users\Joseph\Desktop\myclasscampus\Class of 2024\AMS\ASYV-AMS\site\backend\api\views.py changed, reloading.
ERROR:django.request:Internal Server Error: /api/alumnilist/
INFO:django.utils.autoreload:C:\Users\Joseph\Desktop\myclasscampus\Class of 2024\AMS\ASYV-AMS\site\backend\api\views.py changed, reloading.
INFO:django.utils.autoreload:C:\Users\Joseph\Desktop\myclasscampus\Class of 2024\AMS\ASYV-AMS\site\backend\api\serializer.py changed, reloading.
INFO:django.utils.autoreload:C:\Users\Joseph\Desktop\myclasscampus\Class of 2024\AMS\ASYV-AMS\site\backend\api\views.py changed, reloading.
ERROR:django.request:Internal Server Error: /api/alumnilist/
INFO:django.utils.autoreload:C:\Users\Joseph\Desktop\myclasscampus\Class of 2024\AMS\ASYV-AMS\site\backend\api\serializer.py changed, reloading.
INFO:django.utils.autoreload:C:\Users\Joseph\Desktop\myclasscampus\Class of 2024\AMS\ASYV-AMS\site\backend\api\views.py changed, reloading.
